2025-12-29 19:14:19,865 - __main__ - INFO - Initializing Voice Navigator...
2025-12-29 19:14:19,876 - __main__ - ERROR - Fatal error: No module named 'distutils'
2025-12-29 19:15:27,006 - __main__ - INFO - Initializing Voice Navigator...
2025-12-29 19:15:27,023 - __main__ - ERROR - Fatal error: No module named 'distutils'
2025-12-29 19:16:17,708 - __main__ - INFO - Initializing Voice Navigator...
2025-12-29 19:16:17,708 - __main__ - ERROR - Fatal error: No module named 'distutils'
2025-12-29 19:28:38,005 - __main__ - INFO - Initializing Voice Navigator...
2025-12-29 19:28:38,008 - __main__ - ERROR - Fatal error: No module named 'distutils'
2025-12-29 19:29:06,037 - __main__ - INFO - Initializing Voice Navigator...
2025-12-29 19:29:06,037 - __main__ - ERROR - Fatal error: No module named 'distutils'
2025-12-29 19:29:43,809 - __main__ - INFO - Initializing Voice Navigator...
2025-12-29 19:29:43,809 - __main__ - ERROR - Fatal error: No module named 'distutils'
2025-12-29 19:48:12,478 - __main__ - INFO - Initializing Voice Navigator...
2025-12-29 19:48:12,484 - __main__ - ERROR - Fatal error: No module named 'distutils'
2025-12-29 19:51:44,949 - __main__ - INFO - Initializing Voice Navigator...
2025-12-29 19:51:45,113 - modules.speech_input - INFO - Calibrating microphone for ambient noise...
2025-12-29 19:51:46,320 - modules.speech_input - INFO - Microphone calibrated
2025-12-29 19:51:46,321 - __main__ - INFO - Voice Navigator initialized successfully
2025-12-29 19:51:46,322 - modules.feedback - INFO - Feedback: Voice navigation system activated
2025-12-29 19:51:46,456 - modules.speech_input - INFO - Listening...
2025-12-29 19:51:48,261 - modules.speech_input - INFO - Processing speech...
2025-12-29 19:51:51,975 - modules.speech_input - WARNING - Could not understand audio
2025-12-29 19:51:52,128 - modules.speech_input - INFO - Listening...
2025-12-29 19:51:57,305 - modules.speech_input - INFO - Processing speech...
2025-12-29 19:51:59,113 - modules.speech_input - WARNING - Could not understand audio
2025-12-29 19:51:59,247 - modules.speech_input - INFO - Listening...
2025-12-29 19:52:04,906 - modules.speech_input - INFO - Processing speech...
2025-12-29 19:52:06,183 - modules.speech_input - WARNING - Could not understand audio
2025-12-29 19:52:06,323 - modules.speech_input - INFO - Listening...
2025-12-29 19:52:11,749 - modules.speech_input - INFO - Processing speech...
2025-12-29 19:52:13,662 - __main__ - INFO - Voice Navigator stopped
2025-12-29 19:52:51,799 - __main__ - INFO - Initializing Voice Navigator...
2025-12-29 19:52:51,805 - __main__ - ERROR - Fatal error: No module named 'distutils'
2025-12-29 19:55:39,391 - __main__ - INFO - Initializing Voice Navigator...
2025-12-29 19:55:39,391 - __main__ - ERROR - Fatal error: No module named 'distutils'
2025-12-29 19:57:58,761 - __main__ - INFO - Initializing Voice Navigator...
2025-12-29 19:57:59,127 - modules.speech_input - INFO - Calibrating microphone for ambient noise...
2025-12-29 19:58:00,362 - modules.speech_input - INFO - Microphone calibrated
2025-12-29 19:58:00,362 - __main__ - INFO - Voice Navigator initialized successfully
2025-12-29 19:58:00,362 - modules.feedback - INFO - Feedback: Voice navigation system activated
2025-12-29 19:58:00,511 - modules.speech_input - INFO - Listening...
2025-12-29 19:58:06,756 - modules.speech_input - INFO - Processing speech...
2025-12-29 19:58:07,741 - modules.speech_input - WARNING - Could not understand audio
2025-12-29 19:58:07,895 - modules.speech_input - INFO - Listening...
2025-12-29 19:58:13,599 - modules.speech_input - INFO - Processing speech...
2025-12-29 19:58:14,604 - modules.speech_input - WARNING - Could not understand audio
2025-12-29 19:58:14,758 - modules.speech_input - INFO - Listening...
2025-12-29 19:58:20,183 - modules.speech_input - INFO - Processing speech...
2025-12-29 19:58:21,208 - modules.speech_input - WARNING - Could not understand audio
2025-12-29 19:58:21,351 - modules.speech_input - INFO - Listening...
2025-12-29 19:58:26,805 - modules.speech_input - INFO - Processing speech...
2025-12-29 19:58:27,742 - modules.speech_input - WARNING - Could not understand audio
2025-12-29 19:58:27,895 - modules.speech_input - INFO - Listening...
2025-12-29 19:58:33,374 - modules.speech_input - INFO - Processing speech...
2025-12-29 19:58:35,411 - modules.speech_input - INFO - Recognized: badhiya
2025-12-29 19:58:35,411 - modules.command_parser - WARNING - Could not parse command: badhiya
2025-12-29 19:58:35,411 - modules.feedback - ERROR - Sorry, I didn't understand that command
2025-12-29 19:58:35,422 - modules.feedback - INFO - Feedback: Try saying 'open chrome' or 'search for weather'
2025-12-29 19:58:35,559 - modules.speech_input - INFO - Listening...
2025-12-29 19:58:40,985 - modules.speech_input - INFO - Processing speech...
2025-12-29 19:58:41,870 - modules.speech_input - WARNING - Could not understand audio
2025-12-29 19:58:42,009 - modules.speech_input - INFO - Listening...
2025-12-29 19:58:47,607 - modules.speech_input - INFO - Processing speech...
2025-12-29 19:58:48,883 - modules.speech_input - WARNING - Could not understand audio
2025-12-29 19:58:49,028 - modules.speech_input - INFO - Listening...
2025-12-29 19:58:54,457 - modules.speech_input - INFO - Processing speech...
2025-12-29 19:58:57,345 - modules.speech_input - INFO - Recognized: open Chrome
2025-12-29 19:58:57,345 - __main__ - INFO - Parsed command: {'action': 'open_app', 'app_name': 'chrome', 'app_path': 'C:\\Program Files\\Google\\Chrome\\Application\\chrome.exe'}
2025-12-29 19:58:57,345 - modules.executor - INFO - Executing action: open_app
2025-12-29 19:58:57,359 - modules.feedback - INFO - Feedback: Opening chrome
2025-12-29 19:58:57,541 - modules.speech_input - INFO - Listening...
2025-12-29 19:59:03,022 - modules.speech_input - INFO - Processing speech...
2025-12-29 19:59:03,986 - modules.speech_input - WARNING - Could not understand audio
2025-12-29 19:59:04,125 - modules.speech_input - INFO - Listening...
2025-12-29 19:59:09,560 - modules.speech_input - INFO - Processing speech...
2025-12-29 19:59:10,641 - modules.speech_input - WARNING - Could not understand audio
2025-12-29 19:59:10,780 - modules.speech_input - INFO - Listening...
2025-12-29 19:59:16,240 - modules.speech_input - INFO - Processing speech...
2025-12-29 19:59:22,397 - modules.speech_input - WARNING - Could not understand audio
2025-12-29 19:59:22,729 - modules.speech_input - INFO - Listening...
2025-12-29 19:59:28,156 - modules.speech_input - INFO - Processing speech...
2025-12-29 19:59:30,259 - modules.speech_input - INFO - Recognized: 31
2025-12-29 19:59:30,259 - modules.command_parser - WARNING - Could not parse command: 31
2025-12-29 19:59:30,259 - modules.feedback - ERROR - Sorry, I didn't understand that command
2025-12-29 19:59:30,259 - modules.feedback - INFO - Feedback: Try saying 'open chrome' or 'search for weather'
2025-12-29 19:59:30,413 - modules.speech_input - INFO - Listening...
2025-12-29 19:59:35,833 - modules.speech_input - INFO - Processing speech...
2025-12-29 19:59:36,955 - modules.speech_input - INFO - Recognized: are Koi Nahin Koi
2025-12-29 19:59:36,959 - modules.command_parser - WARNING - Could not parse command: are koi nahin koi
2025-12-29 19:59:36,959 - modules.feedback - ERROR - Sorry, I didn't understand that command
2025-12-29 19:59:36,959 - modules.feedback - INFO - Feedback: Try saying 'open chrome' or 'search for weather'
2025-12-29 19:59:37,092 - modules.speech_input - INFO - Listening...
2025-12-29 19:59:42,528 - modules.speech_input - INFO - Processing speech...
2025-12-29 19:59:44,059 - modules.speech_input - WARNING - Could not understand audio
2025-12-29 19:59:44,195 - modules.speech_input - INFO - Listening...
2025-12-29 19:59:49,636 - modules.speech_input - INFO - Processing speech...
2025-12-29 20:00:20,700 - modules.speech_input - INFO - Recognized: Main To Bhai Aise is mindset se Hogi
2025-12-29 20:00:20,700 - modules.command_parser - WARNING - Could not parse command: main to bhai aise is mindset se hogi
2025-12-29 20:00:20,700 - modules.feedback - ERROR - Sorry, I didn't understand that command
2025-12-29 20:00:20,700 - modules.feedback - INFO - Feedback: Try saying 'open chrome' or 'search for weather'
2025-12-29 20:00:20,839 - modules.speech_input - INFO - Listening...
2025-12-29 20:00:26,689 - modules.speech_input - INFO - Processing speech...
2025-12-29 20:01:10,074 - modules.speech_input - WARNING - Could not understand audio
2025-12-29 20:01:10,414 - modules.speech_input - INFO - Listening...
2025-12-29 20:01:15,889 - modules.speech_input - INFO - Processing speech...
2025-12-29 20:01:17,207 - modules.speech_input - WARNING - Could not understand audio
2025-12-29 20:01:17,342 - modules.speech_input - INFO - Listening...
2025-12-29 20:01:22,801 - modules.speech_input - INFO - Processing speech...
2025-12-29 20:01:25,783 - modules.speech_input - INFO - Recognized: Kuchh Bhi Ban Jaega FIR aap Kuchh Bhi Ban jaega
2025-12-29 20:01:25,783 - modules.command_parser - WARNING - Could not parse command: kuchh bhi ban jaega fir aap kuchh bhi ban jaega
2025-12-29 20:01:25,783 - modules.feedback - ERROR - Sorry, I didn't understand that command
2025-12-29 20:01:25,783 - modules.feedback - INFO - Feedback: Try saying 'open chrome' or 'search for weather'
2025-12-29 20:01:25,919 - modules.speech_input - INFO - Listening...
2025-12-29 20:01:31,342 - modules.speech_input - INFO - Processing speech...
2025-12-29 20:01:32,262 - modules.speech_input - WARNING - Could not understand audio
2025-12-29 20:01:32,398 - modules.speech_input - INFO - Listening...
2025-12-29 20:01:37,896 - modules.speech_input - INFO - Processing speech...
2025-12-29 20:01:40,909 - modules.speech_input - WARNING - Could not understand audio
2025-12-29 20:01:41,045 - modules.speech_input - INFO - Listening...
2025-12-29 20:01:46,469 - modules.speech_input - INFO - Processing speech...
2025-12-29 20:01:48,236 - modules.speech_input - INFO - Recognized: Mere ek dost hai na abhi artical se
2025-12-29 20:01:48,236 - modules.command_parser - WARNING - Could not parse command: mere ek dost hai na abhi artical se
2025-12-29 20:01:48,236 - modules.feedback - ERROR - Sorry, I didn't understand that command
2025-12-29 20:01:48,236 - modules.feedback - INFO - Feedback: Try saying 'open chrome' or 'search for weather'
2025-12-29 20:01:48,367 - modules.speech_input - INFO - Listening...
2025-12-29 20:01:53,867 - modules.speech_input - INFO - Processing speech...
2025-12-29 20:01:58,039 - modules.speech_input - WARNING - Could not understand audio
2025-12-29 20:01:58,174 - modules.speech_input - INFO - Listening...
2025-12-29 20:02:03,598 - modules.speech_input - INFO - Processing speech...
2025-12-29 20:02:05,259 - modules.speech_input - INFO - Recognized: doston Ke Jo Sab kar rahe hain isliye main tumko dalva Dunga turant
2025-12-29 20:02:05,259 - modules.command_parser - WARNING - Could not parse command: doston ke jo sab kar rahe hain isliye main tumko dalva dunga turant
2025-12-29 20:02:05,259 - modules.feedback - ERROR - Sorry, I didn't understand that command
2025-12-29 20:02:05,259 - modules.feedback - INFO - Feedback: Try saying 'open chrome' or 'search for weather'
2025-12-29 20:02:05,409 - modules.speech_input - INFO - Listening...
2025-12-29 20:02:10,835 - modules.speech_input - INFO - Processing speech...
2025-12-29 20:02:12,074 - modules.speech_input - INFO - Recognized: bharva Denge yaar Pura
2025-12-29 20:02:12,083 - modules.command_parser - WARNING - Could not parse command: bharva denge yaar pura
2025-12-29 20:02:12,083 - modules.feedback - ERROR - Sorry, I didn't understand that command
2025-12-29 20:02:12,084 - modules.feedback - INFO - Feedback: Try saying 'open chrome' or 'search for weather'
2025-12-29 20:02:12,216 - modules.speech_input - INFO - Listening...
2025-12-29 20:02:17,690 - modules.speech_input - INFO - Processing speech...
2025-12-29 20:02:21,444 - modules.speech_input - INFO - Recognized: han feedback customer
2025-12-29 20:02:21,445 - modules.command_parser - WARNING - Could not parse command: han feedback customer
2025-12-29 20:02:21,445 - modules.feedback - ERROR - Sorry, I didn't understand that command
2025-12-29 20:02:21,446 - modules.feedback - INFO - Feedback: Try saying 'open chrome' or 'search for weather'
2025-12-29 20:02:21,578 - modules.speech_input - INFO - Listening...
2025-12-29 20:02:27,001 - modules.speech_input - INFO - Processing speech...
2025-12-29 20:02:27,990 - modules.speech_input - WARNING - Could not understand audio
2025-12-29 20:02:28,893 - modules.speech_input - INFO - Listening...
2025-12-29 20:02:34,979 - modules.speech_input - INFO - Processing speech...
2025-12-29 20:02:35,905 - modules.speech_input - WARNING - Could not understand audio
2025-12-29 20:02:36,039 - modules.speech_input - INFO - Listening...
2025-12-29 20:02:41,463 - modules.speech_input - INFO - Processing speech...
2025-12-29 20:02:44,772 - modules.speech_input - WARNING - Could not understand audio
2025-12-29 20:02:44,918 - modules.speech_input - INFO - Listening...
2025-12-29 20:02:50,372 - modules.speech_input - INFO - Processing speech...
2025-12-29 20:02:54,436 - modules.speech_input - WARNING - Could not understand audio
2025-12-29 20:02:54,578 - modules.speech_input - INFO - Listening...
2025-12-29 20:03:00,037 - modules.speech_input - INFO - Processing speech...
2025-12-29 20:03:00,933 - modules.speech_input - WARNING - Could not understand audio
2025-12-29 20:03:01,068 - modules.speech_input - INFO - Listening...
2025-12-29 20:03:06,493 - modules.speech_input - INFO - Processing speech...
2025-12-29 20:03:07,511 - modules.speech_input - WARNING - Could not understand audio
2025-12-29 20:03:07,648 - modules.speech_input - INFO - Listening...
2025-12-29 20:03:13,105 - modules.speech_input - INFO - Processing speech...
2025-12-29 20:03:14,060 - modules.speech_input - WARNING - Could not understand audio
2025-12-29 20:03:14,198 - modules.speech_input - INFO - Listening...
2025-12-29 20:03:19,672 - modules.speech_input - INFO - Processing speech...
2025-12-29 20:03:20,744 - modules.speech_input - INFO - Recognized: click Kya Hota Hai
2025-12-29 20:03:20,744 - modules.command_parser - WARNING - Could not parse command: click kya hota hai
2025-12-29 20:03:20,756 - modules.feedback - ERROR - Sorry, I didn't understand that command
2025-12-29 20:03:20,756 - modules.feedback - INFO - Feedback: Try saying 'open chrome' or 'search for weather'
2025-12-29 20:03:20,890 - modules.speech_input - INFO - Listening...
2025-12-29 20:03:26,345 - modules.speech_input - INFO - Processing speech...
2025-12-29 20:03:27,245 - modules.speech_input - WARNING - Could not understand audio
2025-12-29 20:03:27,388 - modules.speech_input - INFO - Listening...
2025-12-29 20:03:32,811 - modules.speech_input - INFO - Processing speech...
2025-12-29 20:03:33,662 - modules.speech_input - WARNING - Could not understand audio
2025-12-29 20:03:33,802 - modules.speech_input - INFO - Listening...
2025-12-29 20:03:39,262 - modules.speech_input - INFO - Processing speech...
2025-12-29 20:03:40,083 - modules.speech_input - INFO - Recognized: beautiful
2025-12-29 20:03:40,083 - modules.command_parser - WARNING - Could not parse command: beautiful
2025-12-29 20:03:40,083 - modules.feedback - ERROR - Sorry, I didn't understand that command
2025-12-29 20:03:40,083 - modules.feedback - INFO - Feedback: Try saying 'open chrome' or 'search for weather'
2025-12-29 20:03:40,222 - modules.speech_input - INFO - Listening...
2025-12-29 20:03:45,645 - modules.speech_input - INFO - Processing speech...
2025-12-29 20:03:46,913 - modules.speech_input - INFO - Recognized: Kaka Chini kya
2025-12-29 20:03:46,913 - modules.command_parser - WARNING - Could not parse command: kaka chini kya
2025-12-29 20:03:46,913 - modules.feedback - ERROR - Sorry, I didn't understand that command
2025-12-29 20:03:46,913 - modules.feedback - INFO - Feedback: Try saying 'open chrome' or 'search for weather'
2025-12-29 20:03:47,057 - modules.speech_input - INFO - Listening...
2025-12-29 20:03:52,479 - modules.speech_input - INFO - Processing speech...
2025-12-29 20:03:54,312 - modules.speech_input - INFO - Recognized: aur yah bhi hai na Baki Inka Achcha Khasa Hero ke liye dhanyvad
2025-12-29 20:03:54,312 - modules.command_parser - WARNING - Could not parse command: aur yah bhi hai na baki inka achcha khasa hero ke liye dhanyvad
2025-12-29 20:03:54,312 - modules.feedback - ERROR - Sorry, I didn't understand that command
2025-12-29 20:03:54,312 - modules.feedback - INFO - Feedback: Try saying 'open chrome' or 'search for weather'
2025-12-29 20:03:54,453 - modules.speech_input - INFO - Listening...
2025-12-29 20:03:59,879 - modules.speech_input - INFO - Processing speech...
2025-12-29 20:04:01,197 - modules.speech_input - INFO - Recognized: Kuchh Bhi Utha lena
2025-12-29 20:04:01,197 - modules.command_parser - WARNING - Could not parse command: kuchh bhi utha lena
2025-12-29 20:04:01,197 - modules.feedback - ERROR - Sorry, I didn't understand that command
2025-12-29 20:04:01,197 - modules.feedback - INFO - Feedback: Try saying 'open chrome' or 'search for weather'
2025-12-29 20:04:01,342 - modules.speech_input - INFO - Listening...
2025-12-29 20:04:06,799 - modules.speech_input - INFO - Processing speech...
2025-12-29 20:04:07,822 - modules.speech_input - WARNING - Could not understand audio
2025-12-29 20:04:07,959 - modules.speech_input - INFO - Listening...
2025-12-29 20:04:13,415 - modules.speech_input - INFO - Processing speech...
2025-12-29 20:04:14,514 - modules.speech_input - INFO - Recognized: November Tak aaega badhiya badhiya
2025-12-29 20:04:14,514 - modules.command_parser - WARNING - Could not parse command: november tak aaega badhiya badhiya
2025-12-29 20:04:14,514 - modules.feedback - ERROR - Sorry, I didn't understand that command
2025-12-29 20:04:14,514 - modules.feedback - INFO - Feedback: Try saying 'open chrome' or 'search for weather'
2025-12-29 20:04:14,659 - modules.speech_input - INFO - Listening...
2025-12-29 20:04:20,088 - modules.speech_input - INFO - Processing speech...
2025-12-29 20:04:21,283 - modules.speech_input - INFO - Recognized: vah to Bhai Pro aadami
2025-12-29 20:04:21,283 - modules.command_parser - WARNING - Could not parse command: vah to bhai pro aadami
2025-12-29 20:04:21,283 - modules.feedback - ERROR - Sorry, I didn't understand that command
2025-12-29 20:04:21,283 - modules.feedback - INFO - Feedback: Try saying 'open chrome' or 'search for weather'
2025-12-29 20:04:21,431 - modules.speech_input - INFO - Listening...
2025-12-29 20:04:26,859 - modules.speech_input - INFO - Processing speech...
2025-12-29 20:04:29,233 - modules.speech_input - WARNING - Could not understand audio
2025-12-29 20:04:29,371 - modules.speech_input - INFO - Listening...
2025-12-29 20:04:34,965 - modules.speech_input - INFO - Processing speech...
2025-12-29 20:04:41,598 - modules.speech_input - WARNING - Could not understand audio
2025-12-29 20:04:41,918 - modules.speech_input - INFO - Listening...
2025-12-29 20:04:47,372 - modules.speech_input - INFO - Processing speech...
2025-12-29 20:04:48,386 - modules.speech_input - INFO - Recognized: main samajh gaya
2025-12-29 20:04:48,386 - modules.command_parser - WARNING - Could not parse command: main samajh gaya
2025-12-29 20:04:48,386 - modules.feedback - ERROR - Sorry, I didn't understand that command
2025-12-29 20:04:48,386 - modules.feedback - INFO - Feedback: Try saying 'open chrome' or 'search for weather'
2025-12-29 20:04:48,533 - modules.speech_input - INFO - Listening...
2025-12-29 20:04:54,023 - modules.speech_input - INFO - Processing speech...
2025-12-29 20:05:21,734 - modules.speech_input - INFO - Recognized: American sign language
2025-12-29 20:05:21,734 - modules.command_parser - WARNING - Could not parse command: american sign language
2025-12-29 20:05:21,734 - modules.feedback - ERROR - Sorry, I didn't understand that command
2025-12-29 20:05:21,734 - modules.feedback - INFO - Feedback: Try saying 'open chrome' or 'search for weather'
2025-12-29 20:05:22,101 - modules.speech_input - INFO - Listening...
2025-12-29 20:05:27,523 - modules.speech_input - INFO - Processing speech...
2025-12-29 20:05:28,572 - modules.speech_input - WARNING - Could not understand audio
2025-12-29 20:05:28,711 - modules.speech_input - INFO - Listening...
2025-12-29 20:05:34,134 - modules.speech_input - INFO - Processing speech...
2025-12-29 20:05:36,722 - modules.speech_input - WARNING - Could not understand audio
2025-12-29 20:05:36,877 - modules.speech_input - INFO - Listening...
2025-12-29 20:05:42,410 - modules.speech_input - INFO - Processing speech...
2025-12-29 20:05:43,322 - modules.speech_input - WARNING - Could not understand audio
2025-12-29 20:05:43,470 - modules.speech_input - INFO - Listening...
2025-12-29 20:05:49,001 - modules.speech_input - INFO - Processing speech...
2025-12-29 20:05:50,136 - modules.speech_input - WARNING - Could not understand audio
2025-12-29 20:05:50,292 - modules.speech_input - INFO - Listening...
2025-12-29 20:05:55,772 - modules.speech_input - INFO - Processing speech...
2025-12-29 20:05:57,283 - modules.speech_input - WARNING - Could not understand audio
2025-12-29 20:05:57,427 - modules.speech_input - INFO - Listening...
2025-12-29 20:06:02,852 - modules.speech_input - INFO - Processing speech...
2025-12-29 20:06:04,805 - modules.speech_input - WARNING - Could not understand audio
2025-12-29 20:06:04,945 - modules.speech_input - INFO - Listening...
2025-12-29 20:06:10,609 - modules.speech_input - INFO - Processing speech...
2025-12-29 20:06:11,733 - modules.speech_input - WARNING - Could not understand audio
2025-12-29 20:06:11,874 - modules.speech_input - INFO - Listening...
2025-12-29 20:06:17,437 - modules.speech_input - INFO - Processing speech...
2025-12-29 20:06:18,405 - modules.speech_input - WARNING - Could not understand audio
2025-12-29 20:06:18,546 - modules.speech_input - INFO - Listening...
2025-12-29 20:06:23,972 - modules.speech_input - INFO - Processing speech...
2025-12-29 20:06:24,908 - modules.speech_input - WARNING - Could not understand audio
2025-12-29 20:06:25,053 - modules.speech_input - INFO - Listening...
2025-12-29 20:06:30,478 - modules.speech_input - INFO - Processing speech...
2025-12-29 20:06:31,588 - modules.speech_input - WARNING - Could not understand audio
2025-12-29 20:06:31,738 - modules.speech_input - INFO - Listening...
2025-12-29 20:06:37,304 - modules.speech_input - INFO - Processing speech...
2025-12-29 20:06:38,208 - modules.speech_input - WARNING - Could not understand audio
2025-12-29 20:06:38,353 - modules.speech_input - INFO - Listening...
2025-12-29 20:06:43,772 - modules.speech_input - INFO - Processing speech...
2025-12-29 20:06:45,124 - modules.speech_input - INFO - Recognized: use Samay ke hisab se
2025-12-29 20:06:45,124 - modules.command_parser - WARNING - Could not parse command: use samay ke hisab se
2025-12-29 20:06:45,124 - modules.feedback - ERROR - Sorry, I didn't understand that command
2025-12-29 20:06:45,124 - modules.feedback - INFO - Feedback: Try saying 'open chrome' or 'search for weather'
2025-12-29 20:06:45,266 - modules.speech_input - INFO - Listening...
2025-12-29 20:06:50,692 - modules.speech_input - INFO - Processing speech...
2025-12-29 20:06:51,605 - modules.speech_input - WARNING - Could not understand audio
2025-12-29 20:06:51,749 - modules.speech_input - INFO - Listening...
2025-12-29 20:06:57,174 - modules.speech_input - INFO - Processing speech...
2025-12-29 20:06:58,108 - modules.speech_input - WARNING - Could not understand audio
2025-12-29 20:06:58,259 - modules.speech_input - INFO - Listening...
2025-12-29 20:07:03,716 - modules.speech_input - INFO - Processing speech...
2025-12-29 20:07:05,408 - modules.speech_input - WARNING - Could not understand audio
2025-12-29 20:07:05,549 - modules.speech_input - INFO - Listening...
2025-12-29 20:07:11,008 - modules.speech_input - INFO - Processing speech...
2025-12-29 20:07:12,344 - modules.speech_input - WARNING - Could not understand audio
2025-12-29 20:07:12,486 - modules.speech_input - INFO - Listening...
2025-12-29 20:07:18,143 - modules.speech_input - INFO - Processing speech...
2025-12-29 20:07:19,523 - modules.speech_input - INFO - Recognized: bhai 47
2025-12-29 20:07:19,523 - modules.command_parser - WARNING - Could not parse command: bhai 47
2025-12-29 20:07:19,523 - modules.feedback - ERROR - Sorry, I didn't understand that command
2025-12-29 20:07:19,523 - modules.feedback - INFO - Feedback: Try saying 'open chrome' or 'search for weather'
2025-12-29 20:07:19,666 - modules.speech_input - INFO - Listening...
2025-12-29 20:07:25,096 - modules.speech_input - INFO - Processing speech...
2025-12-29 20:07:28,372 - modules.speech_input - INFO - Recognized: abe 27 sal ki 1 minut
2025-12-29 20:07:28,372 - modules.command_parser - WARNING - Could not parse command: abe 27 sal ki 1 minut
2025-12-29 20:07:28,374 - modules.feedback - ERROR - Sorry, I didn't understand that command
2025-12-29 20:07:28,374 - modules.feedback - INFO - Feedback: Try saying 'open chrome' or 'search for weather'
2025-12-29 20:07:28,518 - modules.speech_input - INFO - Listening...
2025-12-29 20:07:33,941 - modules.speech_input - INFO - Processing speech...
2025-12-29 20:07:34,918 - modules.speech_input - WARNING - Could not understand audio
2025-12-29 20:07:35,054 - modules.speech_input - INFO - Listening...
2025-12-29 20:07:40,475 - modules.speech_input - INFO - Processing speech...
2025-12-29 20:07:41,705 - modules.speech_input - INFO - Recognized: Tera market samajhte Hain
2025-12-29 20:07:41,705 - modules.command_parser - WARNING - Could not parse command: tera market samajhte hain
2025-12-29 20:07:41,707 - modules.feedback - ERROR - Sorry, I didn't understand that command
2025-12-29 20:07:41,708 - modules.feedback - INFO - Feedback: Try saying 'open chrome' or 'search for weather'
2025-12-29 20:07:41,844 - modules.speech_input - INFO - Listening...
2025-12-29 20:07:47,411 - modules.speech_input - INFO - Processing speech...
2025-12-29 20:07:52,020 - modules.speech_input - WARNING - Could not understand audio
2025-12-29 20:07:52,227 - modules.speech_input - INFO - Listening...
2025-12-29 20:43:49,722 - modules.speech_input - INFO - Processing speech...
2025-12-29 20:43:53,085 - modules.speech_input - WARNING - Could not understand audio
2025-12-29 20:43:53,423 - modules.speech_input - INFO - Listening...
2025-12-29 20:43:58,898 - modules.speech_input - INFO - Processing speech...
2025-12-29 20:44:06,314 - modules.speech_input - INFO - Recognized: open Chrome
2025-12-29 20:44:06,314 - __main__ - INFO - Parsed command: {'action': 'open_app', 'app_name': 'chrome', 'app_path': 'C:\\Program Files\\Google\\Chrome\\Application\\chrome.exe'}
2025-12-29 20:44:06,314 - modules.executor - INFO - Executing action: open_app
2025-12-29 20:44:06,322 - modules.feedback - INFO - Feedback: Opening chrome
2025-12-29 20:44:06,704 - modules.speech_input - INFO - Listening...
2025-12-29 20:44:12,384 - modules.speech_input - INFO - Processing speech...
2025-12-29 20:44:13,408 - modules.speech_input - INFO - Recognized: open file manager and
2025-12-29 20:44:13,413 - __main__ - INFO - Parsed command: {'action': 'open_folder', 'path': 'file manager and'}
2025-12-29 20:44:13,414 - modules.executor - INFO - Executing action: open_folder
2025-12-29 20:44:13,414 - modules.feedback - ERROR - Folder not found: file manager and
2025-12-29 20:44:13,551 - modules.speech_input - INFO - Listening...
2025-12-29 20:44:19,027 - modules.speech_input - INFO - Processing speech...
2025-12-29 20:44:19,859 - modules.speech_input - WARNING - Could not understand audio
2025-12-29 20:44:20,015 - modules.speech_input - INFO - Listening...
2025-12-29 20:44:25,433 - modules.speech_input - INFO - Processing speech...
2025-12-29 20:44:34,323 - modules.speech_input - INFO - Recognized: File Explorer 34
2025-12-29 20:44:34,323 - modules.command_parser - WARNING - Could not parse command: file explorer 34
2025-12-29 20:44:34,323 - modules.feedback - ERROR - Sorry, I didn't understand that command
2025-12-29 20:44:34,323 - modules.feedback - INFO - Feedback: Try saying 'open chrome' or 'search for weather'
2025-12-29 20:44:34,581 - modules.speech_input - INFO - Listening...
2025-12-29 20:44:40,012 - modules.speech_input - INFO - Processing speech...
2025-12-29 20:44:53,667 - modules.speech_input - INFO - Recognized: open file EXP
2025-12-29 20:44:53,667 - __main__ - INFO - Parsed command: {'action': 'open_folder', 'path': 'file exp'}
2025-12-29 20:44:53,667 - modules.executor - INFO - Executing action: open_folder
2025-12-29 20:44:53,667 - modules.feedback - ERROR - Folder not found: file exp
2025-12-29 20:44:54,007 - modules.speech_input - INFO - Listening...
2025-12-29 20:44:59,458 - modules.speech_input - INFO - Processing speech...
2025-12-29 20:45:00,551 - modules.speech_input - WARNING - Could not understand audio
2025-12-29 20:45:00,686 - modules.speech_input - INFO - Listening...
2025-12-29 20:45:06,109 - modules.speech_input - INFO - Processing speech...
2025-12-29 20:45:07,048 - modules.speech_input - WARNING - Could not understand audio
2025-12-29 20:45:07,192 - modules.speech_input - INFO - Listening...
2025-12-29 20:45:12,894 - modules.speech_input - INFO - Processing speech...
2025-12-29 20:45:14,908 - modules.speech_input - WARNING - Could not understand audio
2025-12-29 20:45:15,055 - modules.speech_input - INFO - Listening...
2025-12-29 20:45:20,509 - modules.speech_input - INFO - Processing speech...
2025-12-29 20:45:21,820 - modules.speech_input - WARNING - Could not understand audio
2025-12-29 20:45:21,961 - modules.speech_input - INFO - Listening...
2025-12-29 20:45:27,386 - modules.speech_input - INFO - Processing speech...
2025-12-29 20:45:28,337 - modules.speech_input - WARNING - Could not understand audio
2025-12-29 20:45:28,486 - modules.speech_input - INFO - Listening...
2025-12-29 20:45:36,687 - __main__ - INFO - Initializing Voice Navigator...
2025-12-29 20:45:36,838 - modules.speech_input - INFO - Calibrating microphone for ambient noise...
2025-12-29 20:45:38,037 - modules.speech_input - INFO - Microphone calibrated
2025-12-29 20:45:38,037 - __main__ - INFO - Voice Navigator initialized successfully
2025-12-29 20:45:38,037 - modules.feedback - INFO - Feedback: Voice navigation system activated
2025-12-29 20:45:38,188 - modules.speech_input - INFO - Listening...
2025-12-29 20:45:43,387 - modules.speech_input - INFO - Processing speech...
2025-12-29 20:45:44,136 - modules.speech_input - WARNING - Could not understand audio
2025-12-29 20:45:44,291 - modules.speech_input - INFO - Listening...
2025-12-29 20:45:49,737 - modules.speech_input - INFO - Processing speech...
2025-12-29 20:45:50,870 - modules.speech_input - INFO - Recognized: open downloads
2025-12-29 20:45:50,871 - __main__ - INFO - Parsed command: {'action': 'open_folder', 'path': 'C:\\Users\\Aman Verma\\Downloads'}
2025-12-29 20:45:50,872 - modules.executor - INFO - Executing action: open_folder
2025-12-29 20:45:50,959 - modules.feedback - INFO - Feedback: Opening folder
2025-12-29 20:45:51,125 - modules.speech_input - INFO - Listening...
2025-12-29 20:45:56,556 - modules.speech_input - INFO - Processing speech...
2025-12-29 20:45:57,659 - modules.speech_input - INFO - Recognized: create new folder
2025-12-29 20:45:57,670 - modules.command_parser - WARNING - Could not parse command: create new folder
2025-12-29 20:45:57,670 - modules.feedback - ERROR - Sorry, I didn't understand that command
2025-12-29 20:45:57,672 - modules.feedback - INFO - Feedback: Try saying 'open chrome' or 'search for weather'
2025-12-29 20:45:57,814 - modules.speech_input - INFO - Listening...
2025-12-29 20:46:03,416 - modules.speech_input - INFO - Processing speech...
2025-12-29 20:46:04,372 - modules.speech_input - INFO - Recognized: create
2025-12-29 20:46:04,372 - modules.command_parser - WARNING - Could not parse command: create
2025-12-29 20:46:04,372 - modules.feedback - ERROR - Sorry, I didn't understand that command
2025-12-29 20:46:04,372 - modules.feedback - INFO - Feedback: Try saying 'open chrome' or 'search for weather'
2025-12-29 20:46:04,513 - modules.speech_input - INFO - Listening...
2025-12-29 20:46:09,941 - modules.speech_input - INFO - Processing speech...
2025-12-29 20:46:10,863 - modules.speech_input - WARNING - Could not understand audio
2025-12-29 20:46:11,010 - modules.speech_input - INFO - Listening...
2025-12-29 20:46:16,608 - modules.speech_input - INFO - Processing speech...
2025-12-29 20:46:17,559 - modules.speech_input - WARNING - Could not understand audio
2025-12-29 20:46:17,705 - modules.speech_input - INFO - Listening...
2025-12-29 20:46:23,190 - modules.speech_input - INFO - Processing speech...
2025-12-29 20:46:24,373 - modules.speech_input - INFO - Recognized: create
2025-12-29 20:46:24,374 - modules.command_parser - WARNING - Could not parse command: create
2025-12-29 20:46:24,374 - modules.feedback - ERROR - Sorry, I didn't understand that command
2025-12-29 20:46:24,374 - modules.feedback - INFO - Feedback: Try saying 'open chrome' or 'search for weather'
2025-12-29 20:46:24,515 - modules.speech_input - INFO - Listening...
2025-12-29 20:46:30,173 - modules.speech_input - INFO - Processing speech...
2025-12-29 20:46:34,333 - modules.speech_input - WARNING - Could not understand audio
2025-12-29 20:46:34,481 - modules.speech_input - INFO - Listening...
2025-12-29 20:46:39,937 - modules.speech_input - INFO - Processing speech...
2025-12-29 20:46:41,045 - modules.speech_input - WARNING - Could not understand audio
2025-12-29 20:46:41,240 - modules.speech_input - INFO - Listening...
2025-12-29 20:46:46,197 - modules.speech_input - INFO - Processing speech...
2025-12-29 20:46:47,023 - modules.speech_input - WARNING - Could not understand audio
2025-12-29 20:46:47,184 - modules.speech_input - INFO - Listening...
2025-12-29 20:46:52,960 - modules.speech_input - INFO - Processing speech...
2025-12-29 20:46:53,894 - modules.speech_input - WARNING - Could not understand audio
2025-12-29 20:46:54,056 - modules.speech_input - INFO - Listening...
2025-12-29 20:46:59,741 - modules.speech_input - INFO - Processing speech...
2025-12-29 20:47:02,697 - modules.speech_input - WARNING - Could not understand audio
2025-12-29 20:47:02,844 - modules.speech_input - INFO - Listening...
2025-12-29 20:47:08,459 - modules.speech_input - INFO - Processing speech...
2025-12-29 20:47:12,324 - modules.speech_input - WARNING - Could not understand audio
2025-12-29 20:47:12,475 - modules.speech_input - INFO - Listening...
2025-12-29 20:47:17,910 - modules.speech_input - INFO - Processing speech...
2025-12-29 20:47:18,774 - modules.speech_input - WARNING - Could not understand audio
2025-12-29 20:47:18,911 - modules.speech_input - INFO - Listening...
2025-12-29 20:47:24,633 - modules.speech_input - INFO - Processing speech...
2025-12-29 20:47:25,726 - modules.speech_input - WARNING - Could not understand audio
2025-12-29 20:47:25,869 - modules.speech_input - INFO - Listening...
2025-12-29 20:47:31,413 - modules.speech_input - INFO - Processing speech...
2025-12-29 20:47:32,403 - modules.speech_input - WARNING - Could not understand audio
2025-12-29 20:47:32,542 - modules.speech_input - INFO - Listening...
2025-12-29 20:47:38,009 - modules.speech_input - INFO - Processing speech...
2025-12-29 20:47:39,209 - modules.speech_input - WARNING - Could not understand audio
2025-12-29 20:47:39,346 - modules.speech_input - INFO - Listening...
2025-12-29 20:47:44,969 - modules.speech_input - INFO - Processing speech...
2025-12-29 20:47:46,609 - modules.speech_input - INFO - Recognized: hindu dharm ki
2025-12-29 20:47:46,609 - modules.command_parser - WARNING - Could not parse command: hindu dharm ki
2025-12-29 20:47:46,610 - modules.feedback - ERROR - Sorry, I didn't understand that command
2025-12-29 20:47:46,610 - modules.feedback - INFO - Feedback: Try saying 'open chrome' or 'search for weather'
2025-12-29 20:47:46,745 - modules.speech_input - INFO - Listening...
2025-12-29 20:47:52,168 - modules.speech_input - INFO - Processing speech...
2025-12-29 20:47:53,183 - modules.speech_input - WARNING - Could not understand audio
2025-12-29 20:47:53,324 - modules.speech_input - INFO - Listening...
2025-12-29 20:47:58,748 - modules.speech_input - INFO - Processing speech...
2025-12-29 20:47:59,737 - modules.speech_input - WARNING - Could not understand audio
2025-12-29 20:47:59,875 - modules.speech_input - INFO - Listening...
2025-12-29 20:48:05,305 - modules.speech_input - INFO - Processing speech...
2025-12-29 20:48:06,227 - modules.speech_input - WARNING - Could not understand audio
2025-12-29 20:48:06,367 - modules.speech_input - INFO - Listening...
2025-12-29 20:48:11,792 - modules.speech_input - INFO - Processing speech...
2025-12-29 20:48:18,582 - modules.speech_input - WARNING - Could not understand audio
2025-12-29 20:48:18,840 - modules.speech_input - INFO - Listening...
2025-12-29 20:48:24,294 - modules.speech_input - INFO - Processing speech...
2025-12-29 20:48:28,958 - modules.speech_input - WARNING - Could not understand audio
2025-12-29 20:48:29,096 - modules.speech_input - INFO - Listening...
2025-12-29 20:48:34,802 - modules.speech_input - INFO - Processing speech...
2025-12-29 20:48:35,783 - modules.speech_input - WARNING - Could not understand audio
2025-12-29 20:48:35,944 - modules.speech_input - INFO - Listening...
2025-12-29 20:48:39,309 - modules.speech_input - INFO - Processing speech...
2025-12-29 20:48:39,962 - modules.speech_input - WARNING - Could not understand audio
2025-12-29 20:48:40,105 - modules.speech_input - INFO - Listening...
2025-12-29 20:48:45,565 - modules.speech_input - INFO - Processing speech...
2025-12-29 20:50:50,408 - __main__ - INFO - Initializing Voice Navigator...
2025-12-29 20:50:50,699 - modules.speech_input - INFO - Calibrating microphone for ambient noise...
2025-12-29 20:50:51,889 - modules.speech_input - INFO - Microphone calibrated
2025-12-29 20:50:51,889 - __main__ - INFO - Voice Navigator initialized successfully
2025-12-29 20:50:51,889 - modules.feedback - INFO - Feedback: Voice navigation system activated
2025-12-29 20:50:52,079 - modules.speech_input - INFO - Listening...
2025-12-29 20:50:58,084 - modules.speech_input - INFO - Processing speech...
2025-12-29 20:50:59,073 - modules.speech_input - INFO - Recognized: volume up
2025-12-29 20:50:59,073 - __main__ - INFO - Parsed command: {'action': 'system_volume_up', 'requires_confirmation': False}
2025-12-29 20:50:59,073 - modules.executor - INFO - Executing action: system_volume_up
2025-12-29 20:50:59,577 - modules.feedback - INFO - Feedback: Volume increased
2025-12-29 20:50:59,712 - modules.speech_input - INFO - Listening...
2025-12-29 20:51:05,370 - modules.speech_input - INFO - Processing speech...
2025-12-29 20:51:10,293 - modules.speech_input - INFO - Recognized: take screenshot
2025-12-29 20:51:10,293 - __main__ - INFO - Parsed command: {'action': 'system_screenshot', 'requires_confirmation': False}
2025-12-29 20:51:10,293 - modules.executor - INFO - Executing action: system_screenshot
2025-12-29 20:51:10,298 - modules.feedback - ERROR - Screenshot failed: [WinError 3] The system cannot find the path specified: 'C:\\Users\\Aman Verma\\Pictures\\Screenshots'
2025-12-29 20:51:10,433 - modules.speech_input - INFO - Listening...
2025-12-29 20:51:16,119 - modules.speech_input - INFO - Processing speech...
2025-12-29 20:51:17,015 - modules.speech_input - WARNING - Could not understand audio
2025-12-29 20:51:17,161 - modules.speech_input - INFO - Listening...
2025-12-29 20:51:22,585 - modules.speech_input - INFO - Processing speech...
2025-12-29 20:51:23,816 - modules.speech_input - WARNING - Could not understand audio
2025-12-29 20:51:23,951 - modules.speech_input - INFO - Listening...
2025-12-29 20:51:29,376 - modules.speech_input - INFO - Processing speech...
2025-12-29 20:51:49,822 - modules.speech_input - WARNING - Could not understand audio
2025-12-29 20:51:50,095 - modules.speech_input - INFO - Listening...
2025-12-29 20:51:55,801 - modules.speech_input - INFO - Processing speech...
2025-12-29 20:51:56,772 - modules.speech_input - INFO - Recognized: lock computer
2025-12-29 20:51:56,772 - __main__ - INFO - Parsed command: {'action': 'system_lock', 'requires_confirmation': False}
2025-12-29 20:51:56,772 - modules.executor - INFO - Executing action: system_lock
2025-12-29 20:51:56,817 - modules.feedback - INFO - Feedback: Locking computer
2025-12-29 20:51:57,033 - modules.speech_input - INFO - Listening...
2025-12-29 20:52:02,463 - modules.speech_input - INFO - Processing speech...
2025-12-29 20:52:07,987 - modules.speech_input - WARNING - Could not understand audio
2025-12-29 20:52:08,133 - modules.speech_input - INFO - Listening...
2025-12-29 20:52:13,561 - modules.speech_input - INFO - Processing speech...
2025-12-29 20:52:14,407 - modules.speech_input - WARNING - Could not understand audio
2025-12-29 20:52:14,543 - modules.speech_input - INFO - Listening...
2025-12-29 20:52:19,968 - modules.speech_input - INFO - Processing speech...
2025-12-29 20:52:20,935 - modules.speech_input - INFO - Recognized: lock
2025-12-29 20:52:20,950 - modules.command_parser - WARNING - Could not parse command: lock
2025-12-29 20:52:20,950 - modules.feedback - ERROR - Sorry, I didn't understand that command
2025-12-29 20:52:20,950 - modules.feedback - INFO - Feedback: Try saying 'open chrome' or 'search for weather'
2025-12-29 20:52:21,091 - modules.speech_input - INFO - Listening...
2025-12-29 20:52:26,516 - modules.speech_input - INFO - Processing speech...
2025-12-29 20:52:29,058 - modules.speech_input - WARNING - Could not understand audio
2025-12-29 20:52:29,200 - modules.speech_input - INFO - Listening...
2025-12-29 20:52:34,743 - modules.speech_input - INFO - Processing speech...
2025-12-29 20:52:35,709 - modules.speech_input - INFO - Recognized: lock computer
2025-12-29 20:52:35,717 - __main__ - INFO - Parsed command: {'action': 'system_lock', 'requires_confirmation': False}
2025-12-29 20:52:35,717 - modules.executor - INFO - Executing action: system_lock
2025-12-29 20:52:35,748 - modules.feedback - INFO - Feedback: Locking computer
2025-12-29 20:52:35,927 - modules.speech_input - INFO - Listening...
2025-12-29 20:52:41,351 - modules.speech_input - INFO - Processing speech...
2025-12-29 20:52:54,397 - modules.speech_input - WARNING - Could not understand audio
2025-12-29 20:52:54,675 - modules.speech_input - INFO - Listening...
2025-12-29 20:53:00,100 - modules.speech_input - INFO - Processing speech...
2025-12-29 20:53:01,493 - modules.speech_input - INFO - Recognized: search for Massachusetts Institute of Technology
2025-12-29 20:53:01,493 - __main__ - INFO - Parsed command: {'action': 'web_search', 'query': 'massachusetts institute of technology'}
2025-12-29 20:53:01,493 - modules.executor - INFO - Executing action: web_search
2025-12-29 20:53:01,583 - modules.feedback - INFO - Feedback: Searching for: massachusetts institute of technology
2025-12-29 20:53:01,755 - modules.speech_input - INFO - Listening...
2025-12-29 20:53:07,183 - modules.speech_input - INFO - Processing speech...
2025-12-29 20:53:08,148 - modules.speech_input - WARNING - Could not understand audio
2025-12-29 20:53:08,291 - modules.speech_input - INFO - Listening...
2025-12-29 20:53:13,715 - modules.speech_input - INFO - Processing speech...
2025-12-29 20:53:15,206 - modules.speech_input - WARNING - Could not understand audio
2025-12-29 20:53:15,337 - modules.speech_input - INFO - Listening...
2025-12-29 20:53:20,769 - modules.speech_input - INFO - Processing speech...
2025-12-29 20:53:27,643 - modules.speech_input - INFO - Recognized: Har Har Mahadev
2025-12-29 20:53:27,643 - modules.command_parser - WARNING - Could not parse command: har har mahadev
2025-12-29 20:53:27,643 - modules.feedback - ERROR - Sorry, I didn't understand that command
2025-12-29 20:53:27,643 - modules.feedback - INFO - Feedback: Try saying 'open chrome' or 'search for weather'
2025-12-29 20:53:27,874 - modules.speech_input - INFO - Listening...
2025-12-29 20:53:33,305 - modules.speech_input - INFO - Processing speech...
2025-12-29 20:53:37,094 - modules.speech_input - INFO - Recognized: yaar maine Chhod Diya Kyunki Mujhe Aise bade bade tarifen Milegi Na band
2025-12-29 20:53:37,094 - modules.command_parser - WARNING - Could not parse command: yaar maine chhod diya kyunki mujhe aise bade bade tarifen milegi na band
2025-12-29 20:53:37,094 - modules.feedback - ERROR - Sorry, I didn't understand that command
2025-12-29 20:53:37,094 - modules.feedback - INFO - Feedback: Try saying 'open chrome' or 'search for weather'
2025-12-29 20:53:37,248 - modules.speech_input - INFO - Listening...
2025-12-29 20:53:42,673 - modules.speech_input - INFO - Processing speech...
2025-12-29 20:53:57,933 - modules.speech_input - WARNING - Could not understand audio
2025-12-29 20:53:58,227 - modules.speech_input - INFO - Listening...
2025-12-29 20:54:03,784 - modules.speech_input - INFO - Processing speech...
2025-12-29 20:54:05,162 - modules.speech_input - INFO - Recognized: pick the best option convincing a new curriculum summary
2025-12-29 20:54:05,162 - modules.command_parser - WARNING - Could not parse command: pick the best option convincing a new curriculum summary
2025-12-29 20:54:05,162 - modules.feedback - ERROR - Sorry, I didn't understand that command
2025-12-29 20:54:05,162 - modules.feedback - INFO - Feedback: Try saying 'open chrome' or 'search for weather'
2025-12-29 20:54:05,293 - modules.speech_input - INFO - Listening...
2025-12-29 20:54:10,909 - modules.speech_input - INFO - Processing speech...
2025-12-29 20:54:13,199 - modules.speech_input - INFO - Recognized: kya bola usne due to a new curriculum changes
2025-12-29 20:54:13,199 - modules.command_parser - WARNING - Could not parse command: kya bola usne due to a new curriculum changes
2025-12-29 20:54:13,199 - modules.feedback - ERROR - Sorry, I didn't understand that command
2025-12-29 20:54:13,199 - modules.feedback - INFO - Feedback: Try saying 'open chrome' or 'search for weather'
2025-12-29 20:54:13,334 - modules.speech_input - INFO - Listening...
2025-12-29 20:54:18,759 - modules.speech_input - INFO - Processing speech...
2025-12-29 20:54:20,172 - modules.speech_input - INFO - Recognized: previous trying to suggest a 4 + 6 AC
2025-12-29 20:54:20,172 - modules.command_parser - WARNING - Could not parse command: previous trying to suggest a 4 + 6 ac
2025-12-29 20:54:20,172 - modules.feedback - ERROR - Sorry, I didn't understand that command
2025-12-29 20:54:20,172 - modules.feedback - INFO - Feedback: Try saying 'open chrome' or 'search for weather'
2025-12-29 20:54:20,307 - modules.speech_input - INFO - Listening...
2025-12-29 20:54:25,734 - modules.speech_input - INFO - Processing speech...
2025-12-29 20:54:26,984 - modules.speech_input - INFO - Recognized: so you can take an extra questions
2025-12-29 20:54:26,984 - modules.command_parser - WARNING - Could not parse command: so you can take an extra questions
2025-12-29 20:54:26,985 - modules.feedback - ERROR - Sorry, I didn't understand that command
2025-12-29 20:54:26,985 - modules.feedback - INFO - Feedback: Try saying 'open chrome' or 'search for weather'
2025-12-29 20:54:27,117 - modules.speech_input - INFO - Listening...
2025-12-29 20:54:32,776 - modules.speech_input - INFO - Processing speech...
2025-12-29 20:54:37,956 - modules.speech_input - INFO - Recognized: FIR Uske bad kya hai show the 6 AC is like to hear how is this different
2025-12-29 20:54:37,956 - modules.command_parser - WARNING - Could not parse command: fir uske bad kya hai show the 6 ac is like to hear how is this different
2025-12-29 20:54:37,956 - modules.feedback - ERROR - Sorry, I didn't understand that command
2025-12-29 20:54:37,958 - modules.feedback - INFO - Feedback: Try saying 'open chrome' or 'search for weather'
2025-12-29 20:54:38,101 - modules.speech_input - INFO - Listening...
2025-12-29 20:54:43,717 - modules.speech_input - INFO - Processing speech...
2025-12-29 20:54:45,439 - modules.speech_input - INFO - Recognized: summarise karo yaar 38 se bahut jyada ho gaya hai batao batao kya baat chal rahi hai
2025-12-29 20:54:45,439 - modules.command_parser - WARNING - Could not parse command: summarise karo yaar 38 se bahut jyada ho gaya hai batao batao kya baat chal rahi hai
2025-12-29 20:54:45,439 - modules.feedback - ERROR - Sorry, I didn't understand that command
2025-12-29 20:54:45,439 - modules.feedback - INFO - Feedback: Try saying 'open chrome' or 'search for weather'
2025-12-29 20:54:45,576 - modules.speech_input - INFO - Listening...
2025-12-29 20:54:51,009 - modules.speech_input - INFO - Processing speech...
2025-12-29 20:54:52,763 - modules.speech_input - WARNING - Could not understand audio
2025-12-29 20:54:52,917 - modules.speech_input - INFO - Listening...
2025-12-29 20:54:58,333 - modules.speech_input - INFO - Processing speech...
2025-12-29 20:55:07,541 - modules.speech_input - WARNING - Could not understand audio
2025-12-29 20:55:07,895 - modules.speech_input - INFO - Listening...
2025-12-29 20:55:13,323 - modules.speech_input - INFO - Processing speech...
2025-12-29 20:55:15,237 - modules.speech_input - WARNING - Could not understand audio
2025-12-29 20:55:15,387 - modules.speech_input - INFO - Listening...
2025-12-29 20:55:20,912 - modules.speech_input - INFO - Processing speech...
2025-12-29 20:55:22,243 - modules.speech_input - INFO - Recognized: bhai College Ki Galti Nahin Hai Main bata raha hun na apna department pura band hai abhi batao
2025-12-29 20:55:22,244 - modules.command_parser - WARNING - Could not parse command: bhai college ki galti nahin hai main bata raha hun na apna department pura band hai abhi batao
2025-12-29 20:55:22,244 - modules.feedback - ERROR - Sorry, I didn't understand that command
2025-12-29 20:55:22,245 - modules.feedback - INFO - Feedback: Try saying 'open chrome' or 'search for weather'
2025-12-29 20:55:22,374 - modules.speech_input - INFO - Listening...
2025-12-29 20:55:27,800 - modules.speech_input - INFO - Processing speech...
2025-12-29 20:55:32,264 - modules.speech_input - INFO - Recognized: Abe gadhe Re Bhai Pata Hai Khud ki najron mein Gir chuka hai bhai
2025-12-29 20:55:32,265 - modules.command_parser - WARNING - Could not parse command: abe gadhe re bhai pata hai khud ki najron mein gir chuka hai bhai
2025-12-29 20:55:32,265 - modules.feedback - ERROR - Sorry, I didn't understand that command
2025-12-29 20:55:32,265 - modules.feedback - INFO - Feedback: Try saying 'open chrome' or 'search for weather'
2025-12-29 20:55:32,394 - modules.speech_input - INFO - Listening...
2025-12-29 20:55:37,850 - modules.speech_input - INFO - Processing speech...
2025-12-29 20:55:39,162 - modules.speech_input - INFO - Recognized: Kyunki bahut
2025-12-29 20:55:39,163 - modules.command_parser - WARNING - Could not parse command: kyunki bahut
2025-12-29 20:55:39,164 - modules.feedback - ERROR - Sorry, I didn't understand that command
2025-12-29 20:55:39,164 - modules.feedback - INFO - Feedback: Try saying 'open chrome' or 'search for weather'
2025-12-29 20:55:39,293 - modules.speech_input - INFO - Listening...
2025-12-29 20:55:44,722 - modules.speech_input - INFO - Processing speech...
2025-12-29 20:55:48,353 - modules.speech_input - INFO - Recognized: Karmon ki Sar Ko Saja Mil Gai Hai technic
2025-12-29 20:55:48,354 - modules.command_parser - WARNING - Could not parse command: karmon ki sar ko saja mil gai hai technic
2025-12-29 20:55:48,355 - modules.feedback - ERROR - Sorry, I didn't understand that command
2025-12-29 20:55:48,355 - modules.feedback - INFO - Feedback: Try saying 'open chrome' or 'search for weather'
2025-12-29 20:55:48,490 - modules.speech_input - INFO - Listening...
2025-12-29 20:55:53,922 - modules.speech_input - INFO - Processing speech...
2025-12-29 20:55:55,064 - modules.speech_input - WARNING - Could not understand audio
2025-12-29 20:55:55,192 - modules.speech_input - INFO - Listening...
2025-12-29 20:56:00,848 - modules.speech_input - INFO - Processing speech...
2025-12-29 20:56:01,585 - modules.speech_input - WARNING - Could not understand audio
2025-12-29 20:56:01,716 - modules.speech_input - INFO - Listening...
2025-12-29 20:56:07,144 - modules.speech_input - INFO - Processing speech...
2025-12-29 20:56:08,768 - modules.speech_input - INFO - Recognized: koi nahin karna chahie to Shravan kya bole Shravan ki baten batao
2025-12-29 20:56:08,770 - modules.command_parser - WARNING - Could not parse command: koi nahin karna chahie to shravan kya bole shravan ki baten batao
2025-12-29 20:56:08,771 - modules.feedback - ERROR - Sorry, I didn't understand that command
2025-12-29 20:56:08,771 - modules.feedback - INFO - Feedback: Try saying 'open chrome' or 'search for weather'
2025-12-29 20:56:08,906 - modules.speech_input - INFO - Listening...
2025-12-29 20:56:14,333 - modules.speech_input - INFO - Processing speech...
2025-12-29 20:56:15,441 - modules.speech_input - INFO - Recognized: Savan Kuchh Nahin karne wala bhai
2025-12-29 20:56:15,442 - modules.command_parser - WARNING - Could not parse command: savan kuchh nahin karne wala bhai
2025-12-29 20:56:15,442 - modules.feedback - ERROR - Sorry, I didn't understand that command
2025-12-29 20:56:15,443 - modules.feedback - INFO - Feedback: Try saying 'open chrome' or 'search for weather'
2025-12-29 20:56:15,579 - modules.speech_input - INFO - Listening...
2025-12-29 20:56:21,002 - modules.speech_input - INFO - Processing speech...
2025-12-29 20:56:22,759 - modules.speech_input - INFO - Recognized: abhi to Ek aur baat batao Tumhen Baat aisa hai na yah Jo Baki courses ka hai Inka
2025-12-29 20:56:22,759 - modules.command_parser - WARNING - Could not parse command: abhi to ek aur baat batao tumhen baat aisa hai na yah jo baki courses ka hai inka
2025-12-29 20:56:22,759 - modules.feedback - ERROR - Sorry, I didn't understand that command
2025-12-29 20:56:22,759 - modules.feedback - INFO - Feedback: Try saying 'open chrome' or 'search for weather'
2025-12-29 20:56:22,901 - modules.speech_input - INFO - Listening...
2025-12-29 20:56:28,379 - modules.speech_input - INFO - Processing speech...
2025-12-29 20:56:29,987 - modules.speech_input - INFO - Recognized: ISI Wale Hain ISI Walon ka kya CS ka electrical Le sakte hain kya interest rate
2025-12-29 20:56:29,988 - modules.command_parser - WARNING - Could not parse command: isi wale hain isi walon ka kya cs ka electrical le sakte hain kya interest rate
2025-12-29 20:56:29,989 - modules.feedback - ERROR - Sorry, I didn't understand that command
2025-12-29 20:56:29,989 - modules.feedback - INFO - Feedback: Try saying 'open chrome' or 'search for weather'
2025-12-29 20:56:30,125 - modules.speech_input - INFO - Listening...
2025-12-29 20:56:35,550 - modules.speech_input - INFO - Processing speech...
2025-12-29 20:56:37,123 - modules.speech_input - INFO - Recognized: Kyunki Mujhe jahan tak lag raha hai khali CSP mein rahata hai yaar dusre department karne
2025-12-29 20:56:37,124 - modules.command_parser - WARNING - Could not parse command: kyunki mujhe jahan tak lag raha hai khali csp mein rahata hai yaar dusre department karne
2025-12-29 20:56:37,125 - modules.feedback - ERROR - Sorry, I didn't understand that command
2025-12-29 20:56:37,125 - modules.feedback - INFO - Feedback: Try saying 'open chrome' or 'search for weather'
2025-12-29 20:56:37,264 - modules.speech_input - INFO - Listening...
2025-12-29 20:56:42,722 - modules.speech_input - INFO - Processing speech...
2025-12-29 20:56:44,048 - modules.speech_input - WARNING - Could not understand audio
2025-12-29 20:56:44,186 - modules.speech_input - INFO - Listening...
2025-12-29 20:56:49,612 - modules.speech_input - INFO - Processing speech...
2025-12-29 20:56:52,110 - modules.speech_input - WARNING - Could not understand audio
2025-12-29 20:56:52,262 - modules.speech_input - INFO - Listening...
2025-12-29 20:56:57,690 - modules.speech_input - INFO - Processing speech...
2025-12-29 20:56:59,061 - modules.speech_input - INFO - Recognized: ke Kile ki Kiska Hata rahe hain
2025-12-29 20:56:59,062 - modules.command_parser - WARNING - Could not parse command: ke kile ki kiska hata rahe hain
2025-12-29 20:56:59,062 - modules.feedback - ERROR - Sorry, I didn't understand that command
2025-12-29 20:56:59,062 - modules.feedback - INFO - Feedback: Try saying 'open chrome' or 'search for weather'
2025-12-29 20:56:59,194 - modules.speech_input - INFO - Listening...
2025-12-29 20:57:04,622 - modules.speech_input - INFO - Processing speech...
2025-12-29 20:57:05,719 - modules.speech_input - INFO - Recognized: kidney Mein Na
2025-12-29 20:57:05,720 - modules.command_parser - WARNING - Could not parse command: kidney mein na
2025-12-29 20:57:05,720 - modules.feedback - ERROR - Sorry, I didn't understand that command
2025-12-29 20:57:05,720 - modules.feedback - INFO - Feedback: Try saying 'open chrome' or 'search for weather'
2025-12-29 20:57:05,853 - modules.speech_input - INFO - Listening...
2025-12-29 20:57:11,280 - modules.speech_input - INFO - Processing speech...
2025-12-29 20:57:13,524 - modules.speech_input - WARNING - Could not understand audio
2025-12-29 20:57:13,666 - modules.speech_input - INFO - Listening...
2025-12-29 20:57:19,192 - modules.speech_input - INFO - Processing speech...
2025-12-29 20:57:20,123 - modules.speech_input - WARNING - Could not understand audio
2025-12-29 20:57:20,268 - modules.speech_input - INFO - Listening...
2025-12-29 20:57:25,696 - modules.speech_input - INFO - Processing speech...
2025-12-29 20:57:27,118 - modules.speech_input - WARNING - Could not understand audio
2025-12-29 20:57:27,256 - modules.speech_input - INFO - Listening...
2025-12-29 20:57:32,683 - modules.speech_input - INFO - Processing speech...
2025-12-29 20:57:33,595 - modules.speech_input - WARNING - Could not understand audio
2025-12-29 20:57:33,730 - modules.speech_input - INFO - Listening...
2025-12-29 20:57:39,155 - modules.speech_input - INFO - Processing speech...
2025-12-29 20:57:40,306 - modules.speech_input - WARNING - Could not understand audio
2025-12-29 20:57:40,437 - modules.speech_input - INFO - Listening...
2025-12-29 20:57:45,858 - modules.speech_input - INFO - Processing speech...
2025-12-29 20:57:47,287 - modules.speech_input - INFO - Recognized: bahut bada ko baki sab to theek hai
2025-12-29 20:57:47,287 - modules.command_parser - WARNING - Could not parse command: bahut bada ko baki sab to theek hai
2025-12-29 20:57:47,287 - modules.feedback - ERROR - Sorry, I didn't understand that command
2025-12-29 20:57:47,287 - modules.feedback - INFO - Feedback: Try saying 'open chrome' or 'search for weather'
2025-12-29 20:57:47,421 - modules.speech_input - INFO - Listening...
2025-12-29 20:57:52,965 - modules.speech_input - INFO - Processing speech...
2025-12-29 20:57:54,710 - modules.speech_input - INFO - Recognized: Ek Aurat usse Bada problem
2025-12-29 20:57:54,710 - modules.command_parser - WARNING - Could not parse command: ek aurat usse bada problem
2025-12-29 20:57:54,710 - modules.feedback - ERROR - Sorry, I didn't understand that command
2025-12-29 20:57:54,711 - modules.feedback - INFO - Feedback: Try saying 'open chrome' or 'search for weather'
2025-12-29 20:57:54,840 - modules.speech_input - INFO - Listening...
2025-12-29 20:58:00,264 - modules.speech_input - INFO - Processing speech...
2025-12-29 20:58:01,227 - modules.speech_input - WARNING - Could not understand audio
2025-12-29 20:58:01,363 - modules.speech_input - INFO - Listening...
2025-12-29 20:58:06,783 - modules.speech_input - INFO - Processing speech...
2025-12-29 20:58:18,877 - modules.speech_input - WARNING - Could not understand audio
2025-12-29 20:58:19,139 - modules.speech_input - INFO - Listening...
2025-12-29 20:58:24,794 - modules.speech_input - INFO - Processing speech...
2025-12-29 20:58:26,250 - modules.speech_input - WARNING - Could not understand audio
2025-12-29 20:58:26,382 - modules.speech_input - INFO - Listening...
2025-12-29 20:58:31,805 - modules.speech_input - INFO - Processing speech...
2025-12-29 20:58:33,356 - modules.speech_input - INFO - Recognized: GNR wala hai
2025-12-29 20:58:33,356 - modules.command_parser - WARNING - Could not parse command: gnr wala hai
2025-12-29 20:58:33,356 - modules.feedback - ERROR - Sorry, I didn't understand that command
2025-12-29 20:58:33,356 - modules.feedback - INFO - Feedback: Try saying 'open chrome' or 'search for weather'
2025-12-29 20:58:33,486 - modules.speech_input - INFO - Listening...
2025-12-29 20:58:38,911 - modules.speech_input - INFO - Processing speech...
2025-12-29 20:58:39,842 - modules.speech_input - INFO - Recognized: kya
2025-12-29 20:58:39,842 - modules.command_parser - WARNING - Could not parse command: kya
2025-12-29 20:58:39,847 - modules.feedback - ERROR - Sorry, I didn't understand that command
2025-12-29 20:58:39,847 - modules.feedback - INFO - Feedback: Try saying 'open chrome' or 'search for weather'
2025-12-29 20:58:39,977 - modules.speech_input - INFO - Listening...
2025-12-29 20:58:45,406 - modules.speech_input - INFO - Processing speech...
2025-12-29 20:58:50,225 - modules.speech_input - WARNING - Could not understand audio
2025-12-29 20:58:50,355 - modules.speech_input - INFO - Listening...
2025-12-29 20:58:55,779 - modules.speech_input - INFO - Processing speech...
2025-12-29 20:58:59,406 - modules.speech_input - INFO - Recognized: Ek
2025-12-29 20:58:59,407 - modules.command_parser - WARNING - Could not parse command: ek
2025-12-29 20:58:59,407 - modules.feedback - ERROR - Sorry, I didn't understand that command
2025-12-29 20:58:59,408 - modules.feedback - INFO - Feedback: Try saying 'open chrome' or 'search for weather'
2025-12-29 20:58:59,537 - modules.speech_input - INFO - Listening...
2025-12-29 20:59:04,959 - modules.speech_input - INFO - Processing speech...
2025-12-29 20:59:06,590 - modules.speech_input - WARNING - Could not understand audio
2025-12-29 20:59:06,730 - modules.speech_input - INFO - Listening...
2025-12-29 20:59:12,144 - modules.speech_input - INFO - Processing speech...
2025-12-29 20:59:13,553 - modules.speech_input - WARNING - Could not understand audio
2025-12-29 20:59:13,685 - modules.speech_input - INFO - Listening...
2025-12-29 20:59:19,110 - modules.speech_input - INFO - Processing speech...
2025-12-29 20:59:29,033 - modules.speech_input - INFO - Recognized: period mein Aisi Taisi
2025-12-29 20:59:29,033 - modules.command_parser - WARNING - Could not parse command: period mein aisi taisi
2025-12-29 20:59:29,033 - modules.feedback - ERROR - Sorry, I didn't understand that command
2025-12-29 20:59:29,033 - modules.feedback - INFO - Feedback: Try saying 'open chrome' or 'search for weather'
2025-12-29 20:59:29,304 - modules.speech_input - INFO - Listening...
2025-12-29 20:59:34,960 - modules.speech_input - INFO - Processing speech...
2025-12-29 20:59:38,885 - modules.speech_input - WARNING - Could not understand audio
2025-12-29 20:59:39,018 - modules.speech_input - INFO - Listening...
2025-12-29 20:59:44,436 - modules.speech_input - INFO - Processing speech...
2025-12-29 20:59:45,619 - modules.speech_input - INFO - Recognized: Inka side ho gaya bhai ganda wala
2025-12-29 20:59:45,619 - modules.command_parser - WARNING - Could not parse command: inka side ho gaya bhai ganda wala
2025-12-29 20:59:45,619 - modules.feedback - ERROR - Sorry, I didn't understand that command
2025-12-29 20:59:45,619 - modules.feedback - INFO - Feedback: Try saying 'open chrome' or 'search for weather'
2025-12-29 20:59:45,752 - modules.speech_input - INFO - Listening...
2025-12-29 20:59:51,177 - modules.speech_input - INFO - Processing speech...
2025-12-29 20:59:58,855 - modules.speech_input - INFO - Recognized: abhi Nahin yaar yah 1 minut yah Jo Char aur
2025-12-29 20:59:58,855 - modules.command_parser - WARNING - Could not parse command: abhi nahin yaar yah 1 minut yah jo char aur
2025-12-29 20:59:58,859 - modules.feedback - ERROR - Sorry, I didn't understand that command
2025-12-29 20:59:58,859 - modules.feedback - INFO - Feedback: Try saying 'open chrome' or 'search for weather'
2025-12-29 20:59:59,124 - modules.speech_input - INFO - Listening...
2025-12-29 21:00:04,550 - modules.speech_input - INFO - Processing speech...
2025-12-29 21:00:06,083 - modules.speech_input - INFO - Recognized: flexibility to flexibility kar dena
2025-12-29 21:00:06,083 - modules.command_parser - WARNING - Could not parse command: flexibility to flexibility kar dena
2025-12-29 21:00:06,083 - modules.feedback - ERROR - Sorry, I didn't understand that command
2025-12-29 21:00:06,083 - modules.feedback - INFO - Feedback: Try saying 'open chrome' or 'search for weather'
2025-12-29 21:00:06,216 - modules.speech_input - INFO - Listening...
2025-12-29 21:00:11,642 - modules.speech_input - INFO - Processing speech...
2025-12-29 21:00:13,023 - modules.speech_input - WARNING - Could not understand audio
2025-12-29 21:00:13,155 - modules.speech_input - INFO - Listening...
2025-12-29 21:00:18,580 - modules.speech_input - INFO - Processing speech...
2025-12-29 21:00:19,758 - modules.speech_input - WARNING - Could not understand audio
2025-12-29 21:00:19,893 - modules.speech_input - INFO - Listening...
2025-12-29 21:00:25,309 - modules.speech_input - INFO - Processing speech...
2025-12-29 21:00:26,386 - modules.speech_input - WARNING - Could not understand audio
2025-12-29 21:00:26,516 - modules.speech_input - INFO - Listening...
2025-12-29 21:00:31,942 - modules.speech_input - INFO - Processing speech...
2025-12-29 21:00:33,722 - modules.speech_input - INFO - Recognized: man Hua To Apne department ka jo specialisation Mein Nahin a Raha vah bhi kar sakte hain aur man
2025-12-29 21:00:33,723 - modules.command_parser - WARNING - Could not parse command: man hua to apne department ka jo specialisation mein nahin a raha vah bhi kar sakte hain aur man
2025-12-29 21:00:33,723 - modules.feedback - ERROR - Sorry, I didn't understand that command
2025-12-29 21:00:33,723 - modules.feedback - INFO - Feedback: Try saying 'open chrome' or 'search for weather'
2025-12-29 21:00:33,853 - modules.speech_input - INFO - Listening...
2025-12-29 21:00:39,272 - modules.speech_input - INFO - Processing speech...
2025-12-29 21:00:40,547 - modules.speech_input - INFO - Recognized: adjoint the scores Ki Baat
2025-12-29 21:00:40,547 - modules.command_parser - WARNING - Could not parse command: adjoint the scores ki baat
2025-12-29 21:00:40,553 - modules.feedback - ERROR - Sorry, I didn't understand that command
2025-12-29 21:00:40,553 - modules.feedback - INFO - Feedback: Try saying 'open chrome' or 'search for weather'
2025-12-29 21:00:40,689 - modules.speech_input - INFO - Listening...
2025-12-29 21:00:46,109 - modules.speech_input - INFO - Processing speech...
2025-12-29 21:00:47,222 - modules.speech_input - INFO - Recognized: dusre non CS
2025-12-29 21:00:47,233 - modules.command_parser - WARNING - Could not parse command: dusre non cs
2025-12-29 21:00:47,233 - modules.feedback - ERROR - Sorry, I didn't understand that command
2025-12-29 21:00:47,233 - modules.feedback - INFO - Feedback: Try saying 'open chrome' or 'search for weather'
2025-12-29 21:00:47,364 - modules.speech_input - INFO - Listening...
2025-12-29 21:00:52,783 - modules.speech_input - INFO - Processing speech...
2025-12-29 21:00:53,999 - modules.speech_input - INFO - Recognized: Jab Pahli Pahli bar Hamen mila tha
2025-12-29 21:00:53,999 - modules.command_parser - WARNING - Could not parse command: jab pahli pahli bar hamen mila tha
2025-12-29 21:00:53,999 - modules.feedback - ERROR - Sorry, I didn't understand that command
2025-12-29 21:00:53,999 - modules.feedback - INFO - Feedback: Try saying 'open chrome' or 'search for weather'
2025-12-29 21:00:54,133 - modules.speech_input - INFO - Listening...
2025-12-29 21:00:59,558 - modules.speech_input - INFO - Processing speech...
2025-12-29 21:01:00,625 - modules.speech_input - WARNING - Could not understand audio
2025-12-29 21:01:00,760 - modules.speech_input - INFO - Listening...
2025-12-29 21:01:06,183 - modules.speech_input - INFO - Processing speech...
2025-12-29 21:01:09,630 - modules.speech_input - INFO - Recognized: han bhai
2025-12-29 21:01:09,630 - modules.command_parser - WARNING - Could not parse command: han bhai
2025-12-29 21:01:09,630 - modules.feedback - ERROR - Sorry, I didn't understand that command
2025-12-29 21:01:09,630 - modules.feedback - INFO - Feedback: Try saying 'open chrome' or 'search for weather'
2025-12-29 21:01:09,762 - modules.speech_input - INFO - Listening...
2025-12-29 21:01:15,188 - modules.speech_input - INFO - Processing speech...
2025-12-29 21:01:16,089 - modules.speech_input - WARNING - Could not understand audio
2025-12-29 21:01:16,228 - modules.speech_input - INFO - Listening...
2025-12-29 21:01:21,651 - modules.speech_input - INFO - Processing speech...
2025-12-29 21:25:35,614 - modules.speech_input - INFO - Recognized: bhai yaar vah best hai
2025-12-29 21:25:35,638 - modules.command_parser - WARNING - Could not parse command: bhai yaar vah best hai
2025-12-29 21:25:35,752 - modules.feedback - ERROR - Sorry, I didn't understand that command
2025-12-29 21:25:35,783 - modules.feedback - INFO - Feedback: Try saying 'open chrome' or 'search for weather'
2025-12-29 21:25:37,267 - modules.speech_input - INFO - Listening...
2025-12-29 21:39:51,778 - modules.speech_input - WARNING - No speech detected within timeout
2025-12-29 21:39:52,410 - modules.speech_input - INFO - Listening...
2025-12-29 21:40:00,251 - modules.speech_input - INFO - Processing speech...
2025-12-29 21:40:01,190 - modules.speech_input - INFO - Recognized: open browser
2025-12-29 21:40:01,190 - __main__ - INFO - Parsed command: {'action': 'open_folder', 'path': 'browser'}
2025-12-29 21:40:01,190 - modules.executor - INFO - Executing action: open_folder
2025-12-29 21:40:01,190 - modules.feedback - ERROR - Folder not found: browser
2025-12-29 21:40:01,440 - modules.speech_input - INFO - Listening...
2025-12-29 21:40:07,184 - modules.speech_input - INFO - Processing speech...
2025-12-29 21:40:08,274 - modules.speech_input - INFO - Recognized: open browser
2025-12-29 21:40:08,283 - __main__ - INFO - Parsed command: {'action': 'open_folder', 'path': 'browser'}
2025-12-29 21:40:08,283 - modules.executor - INFO - Executing action: open_folder
2025-12-29 21:40:08,285 - modules.feedback - ERROR - Folder not found: browser
2025-12-29 21:40:08,507 - modules.speech_input - INFO - Listening...
2025-12-29 21:40:13,942 - modules.speech_input - INFO - Processing speech...
2025-12-29 21:40:15,682 - modules.speech_input - WARNING - Could not understand audio
2025-12-29 21:40:15,932 - modules.speech_input - INFO - Listening...
2025-12-29 21:40:20,630 - modules.speech_input - INFO - Processing speech...
2025-12-29 21:40:21,409 - modules.speech_input - WARNING - Could not understand audio
2025-12-29 21:40:21,631 - modules.speech_input - INFO - Listening...
2025-12-29 21:40:25,756 - modules.speech_input - INFO - Processing speech...
2025-12-29 21:40:26,670 - modules.speech_input - INFO - Recognized: open browser
2025-12-29 21:40:26,670 - __main__ - INFO - Parsed command: {'action': 'open_folder', 'path': 'browser'}
2025-12-29 21:40:26,670 - modules.executor - INFO - Executing action: open_folder
2025-12-29 21:40:26,672 - modules.feedback - ERROR - Folder not found: browser
2025-12-29 21:40:26,905 - modules.speech_input - INFO - Listening...
2025-12-29 21:40:32,686 - modules.speech_input - INFO - Processing speech...
2025-12-29 21:40:33,408 - modules.speech_input - WARNING - Could not understand audio
2025-12-29 21:40:33,667 - modules.speech_input - INFO - Listening...
2025-12-29 21:40:38,224 - modules.speech_input - INFO - Processing speech...
2025-12-29 21:40:38,808 - modules.speech_input - WARNING - Could not understand audio
2025-12-29 21:40:39,044 - modules.speech_input - INFO - Listening...
2025-12-29 21:40:44,487 - modules.speech_input - INFO - Processing speech...
2025-12-29 21:40:45,372 - modules.speech_input - WARNING - Could not understand audio
2025-12-29 21:40:45,610 - modules.speech_input - INFO - Listening...
2025-12-29 21:40:48,654 - modules.speech_input - INFO - Processing speech...
2025-12-29 21:40:49,247 - modules.speech_input - WARNING - Could not understand audio
2025-12-29 21:40:49,476 - modules.speech_input - INFO - Listening...
2025-12-29 21:40:54,930 - modules.speech_input - INFO - Processing speech...
2025-12-29 21:40:55,828 - modules.speech_input - WARNING - Could not understand audio
2025-12-29 21:40:56,055 - modules.speech_input - INFO - Listening...
2025-12-29 21:40:58,655 - modules.speech_input - INFO - Processing speech...
2025-12-29 21:41:04,744 - modules.speech_input - WARNING - Could not understand audio
2025-12-29 21:41:05,057 - modules.speech_input - INFO - Listening...
2025-12-29 21:41:10,506 - modules.speech_input - INFO - Processing speech...
2025-12-29 21:41:11,384 - modules.speech_input - WARNING - Could not understand audio
2025-12-29 21:41:11,629 - modules.speech_input - INFO - Listening...
2025-12-29 21:41:17,510 - modules.speech_input - INFO - Processing speech...
2025-12-29 21:41:18,595 - modules.speech_input - INFO - Recognized: capture screen capture screen
2025-12-29 21:41:18,595 - __main__ - INFO - Parsed command: {'action': 'system_screenshot', 'requires_confirmation': False}
2025-12-29 21:41:18,595 - modules.executor - INFO - Executing action: system_screenshot
2025-12-29 21:41:18,595 - modules.feedback - ERROR - Screenshot failed: [WinError 3] The system cannot find the path specified: 'C:\\Users\\Aman Verma\\Pictures\\Screenshots'
2025-12-29 21:41:18,826 - modules.speech_input - INFO - Listening...
2025-12-29 21:41:25,505 - modules.speech_input - INFO - Processing speech...
2025-12-29 21:41:26,318 - modules.speech_input - WARNING - Could not understand audio
2025-12-29 21:41:26,567 - modules.speech_input - INFO - Listening...
2025-12-29 21:41:30,648 - modules.speech_input - INFO - Processing speech...
2025-12-29 21:41:31,468 - modules.speech_input - WARNING - Could not understand audio
2025-12-29 21:41:31,728 - modules.speech_input - INFO - Listening...
2025-12-29 21:41:36,647 - modules.speech_input - INFO - Processing speech...
2025-12-29 21:41:37,506 - modules.speech_input - WARNING - Could not understand audio
2025-12-29 21:41:37,791 - modules.speech_input - INFO - Listening...
2025-12-29 21:41:40,657 - modules.speech_input - INFO - Processing speech...
2025-12-29 21:41:41,361 - modules.speech_input - WARNING - Could not understand audio
2025-12-29 21:41:41,596 - modules.speech_input - INFO - Listening...
2025-12-29 21:41:47,045 - modules.speech_input - INFO - Processing speech...
2025-12-29 21:41:50,616 - modules.speech_input - INFO - Recognized: close
2025-12-29 21:41:50,622 - modules.command_parser - WARNING - Could not parse command: close
2025-12-29 21:41:50,622 - modules.feedback - ERROR - Sorry, I didn't understand that command
2025-12-29 21:41:50,622 - modules.feedback - INFO - Feedback: Try saying 'open chrome' or 'search for weather'
2025-12-29 21:41:50,936 - modules.speech_input - INFO - Listening...
2025-12-29 21:41:56,636 - modules.speech_input - INFO - Processing speech...
2025-12-29 21:41:57,505 - modules.speech_input - WARNING - Could not understand audio
2025-12-29 21:41:57,722 - modules.speech_input - INFO - Listening...
2025-12-29 21:42:00,666 - modules.speech_input - INFO - Processing speech...
2025-12-29 21:42:01,297 - modules.speech_input - WARNING - Could not understand audio
2025-12-29 21:42:01,507 - modules.speech_input - INFO - Listening...
2025-12-29 21:42:04,965 - __main__ - INFO - Voice Navigator stopped
